<?xml version="1.0" encoding="UTF-8" ?>
<testsuite 
errors="0" failures="0" hostname="alex-PC" name="scala.practice.fxcalculator.domain.CalculatorTest" tests="5" time="0.026" timestamp="2015-08-11T10:33:56">
  <properties>
    <property name="java.runtime.name" value="Java(TM) SE Runtime Environment">
    </property>
    <property 
    name="sun.boot.library.path" value="C:\Program Files\Java\jdk1.8.0_25\jre\bin">
</property>
    <property name="java.vm.version" value="25.25-b02"> </property>
    <property name="java.vm.vendor" value="Oracle Corporation"> </property>
    <property name="java.vendor.url" value="http://java.oracle.com/">
    </property>
    <property name="path.separator" value=";"> </property>
    <property name="java.vm.name" value="Java HotSpot(TM) 64-Bit Server VM">
    </property>
    <property name="file.encoding.pkg" value="sun.io"> </property>
    <property name="user.script" value=""> </property>
    <property name="user.country" value="DE"> </property>
    <property name="sun.java.launcher" value="SUN_STANDARD"> </property>
    <property name="sun.os.patch.level" value="Service Pack 1"> </property>
    <property 
    name="java.vm.specification.name" value="Java Virtual Machine Specification">
</property>
    <property name="user.dir" value="C:\workspace\scala\fxcalculator">
    </property>
    <property name="java.runtime.version" value="1.8.0_25-b18"> </property>
    <property 
    name="java.awt.graphicsenv" value="sun.awt.Win32GraphicsEnvironment">
</property>
    <property 
    name="java.endorsed.dirs" value="C:\Program Files\Java\jdk1.8.0_25\jre\lib\endorsed">
</property>
    <property name="os.arch" value="amd64"> </property>
    <property name="java.io.tmpdir" value="C:\Users\alex\AppData\Local\Temp\">
    </property>
    <property name="line.separator" value=" "> </property>
    <property name="java.vm.specification.vendor" value="Oracle Corporation">
    </property>
    <property name="user.variant" value=""> </property>
    <property name="os.name" value="Windows 7"> </property>
    <property name="sun.jnu.encoding" value="Cp1252"> </property>
    <property 
    name="java.library.path" value="C:\Program Files\Java\jdk1.8.0_25\bin;C:\Windows\Sun\Java\bin;C:\Windows\system32;C:\Windows;C:\ProgramData\Oracle\Java\javapath;C:\Program Files\Common Files\Microsoft Shared\Windows Live;C:\Program Files (x86)\Common Files\Microsoft Shared\Windows Live;C:\Python33\;C:\Windows\system32;C:\Windows;C:\Windows\System32\Wbem;C:\Windows\System32\WindowsPowerShell\v1.0\;C:\Program Files (x86)\ATI Technologies\ATI.ACE\Core-Static;C:\android-sdk\tools;C:\android-sdk\platform-tools;C:\Program Files\Java\jdk1.6.0_45;C:\Program Files (x86)\Windows Live\Shared;C:\gradle\bin;C:\Program Files\Maven\apache-maven-3.2.3\bin;C:\Program Files (x86)\NVIDIA Corporation\PhysX\Common;C:\Program Files (x86)\Git\cmd;C:\Program Files\Microsoft SQL Server\110\Tools\Binn\;C:\Program Files\MongoDB\Server\3.0\bin;C:\Program Files (x86)\scala\bin;C:\Program Files\nodejs\;C:\Python27;C:\Users\alex\AppData\Roaming\npm;.">
</property>
    <property 
    name="java.specification.name" value="Java Platform API Specification">
</property>
    <property name="java.class.version" value="52.0"> </property>
    <property 
    name="sun.management.compiler" value="HotSpot 64-Bit Tiered Compilers">
</property>
    <property name="os.version" value="6.1"> </property>
    <property name="user.home" value="C:\Users\alex"> </property>
    <property name="user.timezone" value="Europe/Berlin"> </property>
    <property name="java.awt.printerjob" value="sun.awt.windows.WPrinterJob">
    </property>
    <property name="file.encoding" value="windows-1252"> </property>
    <property name="java.specification.version" value="1.8"> </property>
    <property name="user.name" value="alex"> </property>
    <property 
    name="java.class.path" value="C:\workspace\scala\fxcalculator\build\classes\test;C:\workspace\scala\fxcalculator\build\resources\test;C:\workspace\scala\fxcalculator\build\classes\main;C:\workspace\scala\fxcalculator\build\resources\main;C:\Users\alex\.gradle\caches\modules-2\files-2.1\org.scala-lang\scala-library\2.11.7\f75e7acabd57b213d6f61483240286c07213ec0e\scala-library-2.11.7.jar;C:\Users\alex\.gradle\caches\modules-2\files-2.1\org.scala-lang\scala-compiler\2.11.7\1454c21d39a4d991006a2a47c164f675ea1dafaf\scala-compiler-2.11.7.jar;C:\Users\alex\.gradle\caches\modules-2\files-2.1\org.scalatest\scalatest_2.11\2.2.5\22b9432f9300137ee9b6e12d3a3a1f97f5e8db57\scalatest_2.11-2.2.5.jar;C:\Users\alex\.gradle\caches\modules-2\files-2.1\org.pegdown\pegdown\1.1.0\bcc0c5b025b09ab85bb80a8311ce5c015d005b\pegdown-1.1.0.jar;C:\Users\alex\.gradle\caches\modules-2\files-2.1\org.scala-lang\scala-reflect\2.11.7\bf1649c9d33da945dea502180855b56caf06288c\scala-reflect-2.11.7.jar;C:\Users\alex\.gradle\caches\modules-2\files-2.1\org.scala-lang.modules\scala-xml_2.11\1.0.4\b67c76af885ba3323ce51bbed4c9232f4bd5d8fd\scala-xml_2.11-1.0.4.jar;C:\Users\alex\.gradle\caches\modules-2\files-2.1\org.scala-lang.modules\scala-parser-combinators_2.11\1.0.4\7369d653bcfa95d321994660477a4d7e81d7f490\scala-parser-combinators_2.11-1.0.4.jar;C:\Users\alex\.gradle\caches\modules-2\files-2.1\org.parboiled\parboiled-core\1.0.2\7f8abb816e828aae4731f1cd78f9b14746d5102f\parboiled-core-1.0.2.jar;C:\Users\alex\.gradle\caches\modules-2\files-2.1\org.parboiled\parboiled-java\1.0.2\bf1cbdf55395bb4c97e5ba3bf363897f1f7af643\parboiled-java-1.0.2.jar;C:\Users\alex\.gradle\caches\modules-2\files-2.1\asm\asm\3.3.1\1d5f20b4ea675e6fab6ab79f1cd60ec268ddc015\asm-3.3.1.jar;C:\Users\alex\.gradle\caches\modules-2\files-2.1\asm\asm-util\3.3.1\d891b52ddd9a06f0fa73c1f53c334145e23b6514\asm-util-3.3.1.jar;C:\Users\alex\.gradle\caches\modules-2\files-2.1\asm\asm-tree\3.3.1\c9723d887e26c3049944e46312bb39e7ab1a2ed2\asm-tree-3.3.1.jar;C:\Users\alex\.gradle\caches\modules-2\files-2.1\asm\asm-analysis\3.3.1\6a42d88a6a2866c511a9246af325234279a50d12\asm-analysis-3.3.1.jar">
</property>
    <property name="java.vm.specification.version" value="1.8"> </property>
    <property name="sun.arch.data.model" value="64"> </property>
    <property name="java.home" value="C:\Program Files\Java\jdk1.8.0_25\jre">
    </property>
    <property 
    name="sun.java.command" value="org.scalatest.tools.Runner -oID -PS4 -R C:\workspace\scala\fxcalculator\build\classes\test -u C:\workspace\scala\fxcalculator\build\test-results -h C:\workspace\scala\fxcalculator\build\reports\tests">
</property>
    <property name="java.specification.vendor" value="Oracle Corporation">
    </property>
    <property name="user.language" value="de"> </property>
    <property name="awt.toolkit" value="sun.awt.windows.WToolkit"> </property>
    <property name="java.vm.info" value="mixed mode"> </property>
    <property name="java.version" value="1.8.0_25"> </property>
    <property 
    name="java.ext.dirs" value="C:\Program Files\Java\jdk1.8.0_25\jre\lib\ext;C:\Windows\Sun\Java\lib\ext">
</property>
    <property 
    name="sun.boot.class.path" value="C:\Program Files\Java\jdk1.8.0_25\jre\lib\resources.jar;C:\Program Files\Java\jdk1.8.0_25\jre\lib\rt.jar;C:\Program Files\Java\jdk1.8.0_25\jre\lib\sunrsasign.jar;C:\Program Files\Java\jdk1.8.0_25\jre\lib\jsse.jar;C:\Program Files\Java\jdk1.8.0_25\jre\lib\jce.jar;C:\Program Files\Java\jdk1.8.0_25\jre\lib\charsets.jar;C:\Program Files\Java\jdk1.8.0_25\jre\lib\jfr.jar;C:\Program Files\Java\jdk1.8.0_25\jre\classes">
</property>
    <property name="java.vendor" value="Oracle Corporation"> </property>
    <property name="file.separator" value="\"> </property>
    <property 
    name="java.vendor.url.bug" value="http://bugreport.sun.com/bugreport/">
</property>
    <property name="sun.cpu.endian" value="little"> </property>
    <property name="sun.io.unicode.encoding" value="UnicodeLittle"> </property>
    <property name="sun.desktop" value="windows"> </property>
    <property name="sun.cpu.isalist" value="amd64"> </property>
  </properties>
  <testcase 
  name="Basic addition" classname="scala.practice.fxcalculator.domain.CalculatorTest" time="0.011">
</testcase>
  <testcase 
  name="Basic substraction" classname="scala.practice.fxcalculator.domain.CalculatorTest" time="0.0">
</testcase>
  <testcase 
  name="Basic multiplication" classname="scala.practice.fxcalculator.domain.CalculatorTest" time="0.0">
</testcase>
  <testcase 
  name="Basic division" classname="scala.practice.fxcalculator.domain.CalculatorTest" time="0.0">
</testcase>
  <testcase 
  name="Mixed operators" classname="scala.practice.fxcalculator.domain.CalculatorTest" time="0.0">
</testcase>
  <system-out><![CDATA[]]></system-out>
  <system-err><![CDATA[]]></system-err>
</testsuite>
